<?xml version="1.0" encoding="UTF-8"?>
<!-- Generated by org.testng.reporters.JUnitXMLReporter -->
<testsuite ignored="0" hostname="LAPTOP-0A5E04UV" failures="0" tests="6" name="Default test" time="42.238" errors="0" timestamp="2022-05-04T16:06:38 EDT">
  <testcase classname="Pages.Testing" name="click_on_getStarted" time="1.891"/>
  <testcase classname="Pages.Testing" name="signInPageInvalid" time="2.292"/>
  <testcase classname="Pages.Testing" name="signInPage" time="2.06"/>
  <testcase classname="Pages.Testing" name="Dropdown" time="15.433"/>
  <testcase classname="Pages.Testing" name="graphPage" time="9.079"/>
  <testcase classname="Pages.Testing" name="stackPage" time="10.975"/>
</testsuite> <!-- Default test -->
